<?xml version="1.0" encoding="UTF-8" ?>
<testsuite failures="0" time="0.007" errors="0" skipped="0" tests="1" name="com.fcf.pagehelper.AppTest">
  <properties>
    <property name="java.runtime.name" value="Java(TM) SE Runtime Environment"/>
    <property name="sun.boot.library.path" value="D:\JavaEnvironment\jdk1.7.0_75\jre\bin"/>
    <property name="java.vm.version" value="24.75-b04"/>
    <property name="java.vm.vendor" value="Oracle Corporation"/>
    <property name="java.vendor.url" value="http://java.oracle.com/"/>
    <property name="path.separator" value=";"/>
    <property name="java.vm.name" value="Java HotSpot(TM) 64-Bit Server VM"/>
    <property name="file.encoding.pkg" value="sun.io"/>
    <property name="user.script" value=""/>
    <property name="user.country" value="CN"/>
    <property name="sun.java.launcher" value="SUN_STANDARD"/>
    <property name="sun.os.patch.level" value=""/>
    <property name="java.vm.specification.name" value="Java Virtual Machine Specification"/>
    <property name="user.dir" value="D:\myeclipse_workspace\pagehelper"/>
    <property name="java.runtime.version" value="1.7.0_75-b13"/>
    <property name="java.awt.graphicsenv" value="sun.awt.Win32GraphicsEnvironment"/>
    <property name="basedir" value="D:\myeclipse_workspace\pagehelper"/>
    <property name="java.endorsed.dirs" value="D:\JavaEnvironment\jdk1.7.0_75\jre\lib\endorsed"/>
    <property name="os.arch" value="amd64"/>
    <property name="surefire.real.class.path" value="D:\myeclipse_workspace\pagehelper\target\surefire\surefirebooter7842518062275566339.jar"/>
    <property name="java.io.tmpdir" value="C:\Users\VCAIFE~1.FAN\AppData\Local\Temp\"/>
    <property name="line.separator" value="
"/>
    <property name="java.vm.specification.vendor" value="Oracle Corporation"/>
    <property name="user.variant" value=""/>
    <property name="os.name" value="Windows 8.1"/>
    <property name="sun.jnu.encoding" value="GBK"/>
    <property name="java.library.path" value="D:\JavaEnvironment\jdk1.7.0_75\jre\bin;C:\Windows\Sun\Java\bin;C:\Windows\system32;C:\Windows;E:/MyEclipse-32bit/Common/binary/com.sun.java.jdk.win32.x86_1.6.0.013/jre/bin/client;E:/MyEclipse-32bit/Common/binary/com.sun.java.jdk.win32.x86_1.6.0.013/jre/bin;E:/MyEclipse-32bit/Common/binary/com.sun.java.jdk.win32.x86_1.6.0.013/jre/lib/i386;D:\JavaEnvironment\jdk1.8.0_91\bin;C:\Windows\system32;C:\Windows;C:\Windows\System32\Wbem;C:\Windows\System32\WindowsPowerShell\v1.0\;D:\software\gradle-3.5-rc-3\bin;E:\PostgreSQL\9.6\bin;E:\Git\cmd;D:\JavaEnvironment\jdk1.8.0_91\bin;."/>
    <property name="surefire.test.class.path" value="D:\myeclipse_workspace\pagehelper\target\test-classes;D:\myeclipse_workspace\pagehelper\target\classes;E:\maven\repository\junit\junit\3.8.1\junit-3.8.1.jar;E:\maven\repository\org\mybatis\mybatis\3.4.4\mybatis-3.4.4.jar;E:\maven\repository\tk\mybatis\mapper\3.4.0\mapper-3.4.0.jar;E:\maven\repository\javax\persistence\persistence-api\1.0\persistence-api-1.0.jar;E:\maven\repository\com\github\pagehelper\pagehelper\4.2.1\pagehelper-4.2.1.jar;E:\maven\repository\com\github\jsqlparser\jsqlparser\0.9.5\jsqlparser-0.9.5.jar;E:\maven\repository\org\postgresql\postgresql\9.4.1212.jre7\postgresql-9.4.1212.jre7.jar;"/>
    <property name="java.specification.name" value="Java Platform API Specification"/>
    <property name="java.class.version" value="51.0"/>
    <property name="sun.management.compiler" value="HotSpot 64-Bit Tiered Compilers"/>
    <property name="os.version" value="6.3"/>
    <property name="user.home" value="C:\Users\v.caifeng.fan"/>
    <property name="user.timezone" value=""/>
    <property name="java.awt.printerjob" value="sun.awt.windows.WPrinterJob"/>
    <property name="java.specification.version" value="1.7"/>
    <property name="file.encoding" value="GBK"/>
    <property name="user.name" value="V.Caifeng.Fan"/>
    <property name="java.class.path" value="D:\myeclipse_workspace\pagehelper\target\test-classes;D:\myeclipse_workspace\pagehelper\target\classes;E:\maven\repository\junit\junit\3.8.1\junit-3.8.1.jar;E:\maven\repository\org\mybatis\mybatis\3.4.4\mybatis-3.4.4.jar;E:\maven\repository\tk\mybatis\mapper\3.4.0\mapper-3.4.0.jar;E:\maven\repository\javax\persistence\persistence-api\1.0\persistence-api-1.0.jar;E:\maven\repository\com\github\pagehelper\pagehelper\4.2.1\pagehelper-4.2.1.jar;E:\maven\repository\com\github\jsqlparser\jsqlparser\0.9.5\jsqlparser-0.9.5.jar;E:\maven\repository\org\postgresql\postgresql\9.4.1212.jre7\postgresql-9.4.1212.jre7.jar;"/>
    <property name="java.vm.specification.version" value="1.7"/>
    <property name="sun.arch.data.model" value="64"/>
    <property name="java.home" value="D:\JavaEnvironment\jdk1.7.0_75\jre"/>
    <property name="sun.java.command" value="D:\myeclipse_workspace\pagehelper\target\surefire\surefirebooter7842518062275566339.jar D:\myeclipse_workspace\pagehelper\target\surefire\surefire2301147906118438251tmp D:\myeclipse_workspace\pagehelper\target\surefire\surefire4870909669047338176tmp"/>
    <property name="java.specification.vendor" value="Oracle Corporation"/>
    <property name="user.language" value="zh"/>
    <property name="awt.toolkit" value="sun.awt.windows.WToolkit"/>
    <property name="java.vm.info" value="mixed mode"/>
    <property name="java.version" value="1.7.0_75"/>
    <property name="java.ext.dirs" value="D:\JavaEnvironment\jdk1.7.0_75\jre\lib\ext;C:\Windows\Sun\Java\lib\ext"/>
    <property name="sun.boot.class.path" value="D:\JavaEnvironment\jdk1.7.0_75\jre\lib\resources.jar;D:\JavaEnvironment\jdk1.7.0_75\jre\lib\rt.jar;D:\JavaEnvironment\jdk1.7.0_75\jre\lib\sunrsasign.jar;D:\JavaEnvironment\jdk1.7.0_75\jre\lib\jsse.jar;D:\JavaEnvironment\jdk1.7.0_75\jre\lib\jce.jar;D:\JavaEnvironment\jdk1.7.0_75\jre\lib\charsets.jar;D:\JavaEnvironment\jdk1.7.0_75\jre\lib\jfr.jar;D:\JavaEnvironment\jdk1.7.0_75\jre\classes"/>
    <property name="java.vendor" value="Oracle Corporation"/>
    <property name="localRepository" value="E:\maven\repository"/>
    <property name="file.separator" value="\"/>
    <property name="java.vendor.url.bug" value="http://bugreport.sun.com/bugreport/"/>
    <property name="sun.cpu.endian" value="little"/>
    <property name="sun.io.unicode.encoding" value="UnicodeLittle"/>
    <property name="sun.desktop" value="windows"/>
    <property name="sun.cpu.isalist" value="amd64"/>
  </properties>
  <testcase time="0.001" classname="com.fcf.pagehelper.AppTest" name="testApp"/>
</testsuite>